#
# A fatal error has been detected by the Java Runtime Environment:
#
#  SIGSEGV (0xb) at pc=0x0000000130ae43c6, pid=62560, tid=0x0000000000001c03
#
# JRE version: Java(TM) SE Runtime Environment (8.0_181-b13) (build 1.8.0_181-b13)
# Java VM: Java HotSpot(TM) 64-Bit Server VM (25.181-b13 mixed mode bsd-amd64 compressed oops)
# Problematic frame:
# C  [libtesseract.dylib+0x133c6]  _ZN9tesseract9Tesseract15recog_all_wordsEP8PAGE_RESP10ETEXT_DESCPK4TBOXPKci+0xaa
#
# Failed to write core dump. Core dumps have been disabled. To enable core dumping, try "ulimit -c unlimited" before starting Java again
#
# If you would like to submit a bug report, please visit:
#   http://bugreport.java.com/bugreport/crash.jsp
# The crash happened outside the Java Virtual Machine in native code.
# See problematic frame for where to report the bug.
#

---------------  T H R E A D  ---------------

Current thread (0x00007f9018808800):  JavaThread "main" [_thread_in_native, id=7171, stack(0x00007000086c7000,0x00007000087c7000)]

siginfo: si_signo: 11 (SIGSEGV), si_code: 1 (SEGV_MAPERR), si_addr: 0x000000000000000c

Registers:
RAX=0x0000000000000000, RBX=0x00007f9016f94800, RCX=0x0000000000000000, RDX=0x00007f9016fa81a0
RSP=0x00007000087c5690, RBP=0x00007000087c5800, RSI=0x0000000000000000, RDI=0x00007000087c5758
R8 =0x0000000000000000, R9 =0x0000000000000000, R10=0x00000000ff800000, R11=0x00000000002ba330
R12=0x0000000000000000, R13=0x000000011799e000, R14=0x0000000000000000, R15=0x0000000000000000
RIP=0x0000000130ae43c6, EFLAGS=0x0000000000010246, ERR=0x0000000000000004
  TRAPNO=0x000000000000000e

Top of Stack: (sp=0x00007000087c5690)
0x00007000087c5690:   00007f9016fa9460 00007f9016f94800
0x00007000087c56a0:   0000000000000000 0000000000000000
0x00007000087c56b0:   0000000000000000 00007f9016f94e40
0x00007000087c56c0:   00007f9016f94940 00007f9016f94910
0x00007000087c56d0:   00007f9016fa9460 00007f9016fa8170
0x00007000087c56e0:   00007f9016f94910 00007f9016f94808
0x00007000087c56f0:   00007f9016f94910 00007f9016f94910
0x00007000087c5700:   00007f9016f94910 00007f9016f90000
0x00007000087c5710:   00007f9016f94910 00000001cdc63200
0x00007000087c5720:   00007f9016f94938 00007f9016f94940
0x00007000087c5730:   00007f9016fa8170 00007f9016f94940
0x00007000087c5740:   00007f9016f90000 00007f9016f94940
0x00007000087c5750:   00007000087c5801 00007f9016fa8190
0x00007000087c5760:   00007f9016fa9460 00007f9016fa81a0
0x00007000087c5770:   00007f9016fa9730 00007f9016f90000
0x00007000087c5780:   00007f9016fa9460 0000000130ad3001
0x00007000087c5790:   00007f90196a4e40 0000000130c83e63
0x00007000087c57a0:   000000011799e150 00007f90196a1030
0x00007000087c57b0:   00007f90196a1030 000000011799e000
0x00007000087c57c0:   0000000000000000 0000000000000000
0x00007000087c57d0:   00007f9016f94800 00007000087c5801
0x00007000087c57e0:   00007f90196a1030 000000011799e000
0x00007000087c57f0:   00000000ffffffff 0000000000000000
0x00007000087c5800:   00007000087c5870 0000000130ad4cd2
0x00007000087c5810:   0000000796a53ca0 00000007955960b0
0x00007000087c5820:   00007000087c5820 00000001143ba0a3
0x00007000087c5830:   00007000087c5890 00000001143ba3f0
0x00007000087c5840:   0100000000000000 00007f90196a1030
0x00007000087c5850:   0000000000000000 000000011c677464
0x00007000087c5860:   0000000000000000 5a40e4657986001a
0x00007000087c5870:   00007000087c58a0 0000000130ad3bef
0x00007000087c5880:   0000000000000000 00007000087c5800 

Instructions: (pc=0x0000000130ae43c6)
0x0000000130ae43a6:   e8 19 c7 12 00 41 83 bd 90 15 00 00 00 7e 0a 4c
0x0000000130ae43b6:   89 ef e8 fd ec 0b 00 eb 15 49 8b 85 38 0a 00 00
0x0000000130ae43c6:   80 78 0c 00 74 08 4c 89 ef e8 5a ed 0b 00 41 83
0x0000000130ae43d6:   bd e8 47 02 00 00 7e 3e 31 db 49 8b 85 f0 47 02 

Register to memory mapping:

RAX=0x0000000000000000 is an unknown value
RBX=0x00007f9016f94800 is an unknown value
RCX=0x0000000000000000 is an unknown value
RDX=0x00007f9016fa81a0 is an unknown value
RSP=0x00007000087c5690 is pointing into the stack for thread: 0x00007f9018808800
RBP=0x00007000087c5800 is pointing into the stack for thread: 0x00007f9018808800
RSI=0x0000000000000000 is an unknown value
RDI=0x00007000087c5758 is pointing into the stack for thread: 0x00007f9018808800
R8 =0x0000000000000000 is an unknown value
R9 =0x0000000000000000 is an unknown value
R10=0x00000000ff800000 is an unknown value
R11=0x00000000002ba330 is an unknown value
R12=0x0000000000000000 is an unknown value
R13=0x000000011799e000 is an unknown value
R14=0x0000000000000000 is an unknown value
R15=0x0000000000000000 is an unknown value


Stack: [0x00007000086c7000,0x00007000087c7000],  sp=0x00007000087c5690,  free space=1017k
Native frames: (J=compiled Java code, j=interpreted, Vv=VM code, C=native code)
C  [libtesseract.dylib+0x133c6]  _ZN9tesseract9Tesseract15recog_all_wordsEP8PAGE_RESP10ETEXT_DESCPK4TBOXPKci+0xaa
C  [libtesseract.dylib+0x3cd2]  _ZN9tesseract11TessBaseAPI9RecognizeEP10ETEXT_DESC+0x36c
C  [libtesseract.dylib+0x2bef]  _ZN9tesseract11TessBaseAPI11GetUTF8TextEv+0x2b
C  [jna2686938447161541120.tmp+0xde74]  ffi_call_unix64+0x4c
C  0x00007000087c62b8

Java frames: (J=compiled Java code, j=interpreted, Vv=VM code)
j  com.sun.jna.Native.invokePointer(Lcom/sun/jna/Function;JI[Ljava/lang/Object;)J+0
j  com.sun.jna.Function.invokePointer(I[Ljava/lang/Object;)Lcom/sun/jna/Pointer;+7
j  com.sun.jna.Function.invoke([Ljava/lang/Object;Ljava/lang/Class;ZI)Ljava/lang/Object;+385
j  com.sun.jna.Function.invoke(Ljava/lang/reflect/Method;[Ljava/lang/Class;Ljava/lang/Class;[Ljava/lang/Object;Ljava/util/Map;)Ljava/lang/Object;+271
j  com.sun.jna.Library$Handler.invoke(Ljava/lang/Object;Ljava/lang/reflect/Method;[Ljava/lang/Object;)Ljava/lang/Object;+344
j  com.sun.proxy.$Proxy0.TessBaseAPIGetUTF8Text(Lnet/sourceforge/tess4j/ITessAPI$TessBaseAPI;)Lcom/sun/jna/Pointer;+16
j  net.sourceforge.tess4j.Tesseract.getOCRText(Ljava/lang/String;I)Ljava/lang/String;+62
j  net.sourceforge.tess4j.Tesseract.doOCR(Ljavax/imageio/IIOImage;Ljava/lang/String;Ljava/awt/Rectangle;I)Ljava/lang/String;+17
j  net.sourceforge.tess4j.Tesseract.doOCR(Ljava/io/File;Ljava/awt/Rectangle;)Ljava/lang/String;+126
j  net.sourceforge.tess4j.Tesseract.doOCR(Ljava/io/File;)Ljava/lang/String;+3
j  com.sh.Tess.main([Ljava/lang/String;)V+38
v  ~StubRoutines::call_stub

---------------  P R O C E S S  ---------------

Java Threads: ( => current thread )
  0x00007f9017b80000 JavaThread "Java2D Disposer" daemon [_thread_blocked, id=64007, stack(0x0000700009983000,0x0000700009a83000)]
  0x00007f901828e800 JavaThread "Attach Listener" daemon [_thread_blocked, id=59419, stack(0x0000700009880000,0x0000700009980000)]
  0x00007f90181b3000 JavaThread "AWT-Shutdown" [_thread_blocked, id=29983, stack(0x0000700009677000,0x0000700009777000)]
  0x00007f9017ae3800 JavaThread "AWT-AppKit" daemon [_thread_in_native, id=775, stack(0x00007fff518f2000,0x00007fff520f2000)]
  0x00007f90188d4000 JavaThread "Service Thread" daemon [_thread_blocked, id=19203, stack(0x00007000093ee000,0x00007000094ee000)]
  0x00007f90170a0000 JavaThread "C1 CompilerThread2" daemon [_thread_blocked, id=18691, stack(0x00007000092eb000,0x00007000093eb000)]
  0x00007f901701b000 JavaThread "C2 CompilerThread1" daemon [_thread_blocked, id=18179, stack(0x00007000091e8000,0x00007000092e8000)]
  0x00007f90180bd800 JavaThread "C2 CompilerThread0" daemon [_thread_blocked, id=17667, stack(0x00007000090e5000,0x00007000091e5000)]
  0x00007f90180bc000 JavaThread "Monitor Ctrl-Break" daemon [_thread_in_native, id=17155, stack(0x0000700008fe2000,0x00007000090e2000)]
  0x00007f901781a000 JavaThread "Signal Dispatcher" daemon [_thread_blocked, id=16643, stack(0x0000700008edf000,0x0000700008fdf000)]
  0x00007f901800a000 JavaThread "Finalizer" daemon [_thread_blocked, id=12547, stack(0x0000700008ddc000,0x0000700008edc000)]
  0x00007f9018000800 JavaThread "Reference Handler" daemon [_thread_blocked, id=12035, stack(0x0000700008cd9000,0x0000700008dd9000)]
=>0x00007f9018808800 JavaThread "main" [_thread_in_native, id=7171, stack(0x00007000086c7000,0x00007000087c7000)]

Other Threads:
  0x00007f9017012000 VMThread [stack: 0x0000700008bd6000,0x0000700008cd6000] [id=11523]
  0x00007f90188ec800 WatcherThread [stack: 0x00007000094f1000,0x00007000095f1000] [id=19715]

VM state:not at safepoint (normal execution)

VM Mutex/Monitor currently owned by a thread: None

Heap:
 PSYoungGen      total 38400K, used 26924K [0x0000000795580000, 0x0000000798000000, 0x00000007c0000000)
  eden space 33280K, 80% used [0x0000000795580000,0x0000000796fcb1e0,0x0000000797600000)
  from space 5120K, 0% used [0x0000000797b00000,0x0000000797b00000,0x0000000798000000)
  to   space 5120K, 0% used [0x0000000797600000,0x0000000797600000,0x0000000797b00000)
 ParOldGen       total 87552K, used 0K [0x0000000740000000, 0x0000000745580000, 0x0000000795580000)
  object space 87552K, 0% used [0x0000000740000000,0x0000000740000000,0x0000000745580000)
 Metaspace       used 8884K, capacity 9104K, committed 9344K, reserved 1056768K
  class space    used 986K, capacity 1054K, committed 1152K, reserved 1048576K

Card table byte_map: [0x000000010f7c0000,0x000000010fbc1000] byte_map_base: 0x000000010bdc0000

Marking Bits: (ParMarkBitMap*) 0x000000010e498cd0
 Begin Bits: [0x000000010fe6c000, 0x0000000111e6c000)
 End Bits:   [0x0000000111e6c000, 0x0000000113e6c000)

Polling page: 0x000000010eb97000

CodeCache: size=245760Kb used=2825Kb max_used=2833Kb free=242934Kb
 bounds [0x000000011c880000, 0x000000011cb50000, 0x000000012b880000]
 total_blobs=1019 nmethods=669 adapters=264
 compilation: enabled

Compilation events (10 events):
Event: 6.991 Thread 0x00007f90170a0000 nmethod 666 0x000000011cb42190 code [0x000000011cb42300, 0x000000011cb42588]
Event: 6.993 Thread 0x00007f90180bd800 nmethod 663% 0x000000011cb45790 code [0x000000011cb45900, 0x000000011cb45e78]
Event: 6.993 Thread 0x00007f90170a0000  667       3       sun.awt.image.SunWritableRaster::markDirty (8 bytes)
Event: 6.993 Thread 0x00007f90170a0000 nmethod 667 0x000000011cb41c90 code [0x000000011cb41e00, 0x000000011cb42050]
Event: 6.993 Thread 0x00007f90170a0000  668       3       sun.java2d.StateTrackableDelegate::markDirty (6 bytes)
Event: 6.993 Thread 0x00007f90170a0000 nmethod 668 0x000000011cb3d590 code [0x000000011cb3d6e0, 0x000000011cb3d850]
Event: 6.993 Thread 0x00007f90170a0000  669       1       java.nio.Buffer::limit (5 bytes)
Event: 6.993 Thread 0x00007f90170a0000 nmethod 669 0x000000011cb3d2d0 code [0x000000011cb3d420, 0x000000011cb3d530]
Event: 6.995 Thread 0x00007f90170a0000  670       1       java.util.HashMap::size (5 bytes)
Event: 6.995 Thread 0x00007f90170a0000 nmethod 670 0x000000011cb3d010 code [0x000000011cb3d160, 0x000000011cb3d270]

GC Heap History (0 events):
No events

Deoptimization events (5 events):
Event: 0.339 Thread 0x00007f9018808800 Uncommon trap: reason=unstable_if action=reinterpret pc=0x000000011ca0f7f8 method=sun.misc.MetaIndex.mayContain(Ljava/lang/String;)Z @ 38
Event: 0.339 Thread 0x00007f9018808800 Uncommon trap: reason=unstable_if action=reinterpret pc=0x000000011ca0c018 method=java.util.zip.ZipCoder.encoder()Ljava/nio/charset/CharsetEncoder; @ 4
Event: 6.869 Thread 0x00007f9018808800 Uncommon trap: reason=unstable_if action=reinterpret pc=0x000000011c9fb6c4 method=java.lang.String.lastIndexOf([CII[CIII)I @ 118
Event: 6.900 Thread 0x00007f9018808800 Uncommon trap: reason=unstable_if action=reinterpret pc=0x000000011cabe184 method=java.util.HashMap.getNode(ILjava/lang/Object;)Ljava/util/HashMap$Node; @ 62
Event: 6.901 Thread 0x00007f9018808800 Uncommon trap: reason=unstable_if action=reinterpret pc=0x000000011caacb08 method=java.util.HashMap.getNode(ILjava/lang/Object;)Ljava/util/HashMap$Node; @ 62

Classes redefined (0 events):
No events

Internal exceptions (10 events):
Event: 0.033 Thread 0x00007f9018808800 Exception <a 'java/lang/NoSuchMethodError': Method sun.misc.Unsafe.prefetchRead(Ljava/lang/Object;J)V name or signature does not match> (0x0000000795587f98) thrown at [/Users/java_re/workspace/8-2-build-macosx-x86_64/jdk8u181/11358/hotspot/src/share/vm/pr
Event: 0.225 Thread 0x00007f9018808800 Exception <a 'java/security/PrivilegedActionException'> (0x0000000795ab3810) thrown at [/Users/java_re/workspace/8-2-build-macosx-x86_64/jdk8u181/11358/hotspot/src/share/vm/prims/jvm.cpp, line 1435]
Event: 0.225 Thread 0x00007f9018808800 Exception <a 'java/security/PrivilegedActionException'> (0x0000000795ab3a20) thrown at [/Users/java_re/workspace/8-2-build-macosx-x86_64/jdk8u181/11358/hotspot/src/share/vm/prims/jvm.cpp, line 1435]
Event: 0.226 Thread 0x00007f9018808800 Exception <a 'java/security/PrivilegedActionException'> (0x0000000795ab6d50) thrown at [/Users/java_re/workspace/8-2-build-macosx-x86_64/jdk8u181/11358/hotspot/src/share/vm/prims/jvm.cpp, line 1435]
Event: 0.226 Thread 0x00007f9018808800 Exception <a 'java/security/PrivilegedActionException'> (0x0000000795ab6f60) thrown at [/Users/java_re/workspace/8-2-build-macosx-x86_64/jdk8u181/11358/hotspot/src/share/vm/prims/jvm.cpp, line 1435]
Event: 0.278 Thread 0x00007f9018808800 Exception <a 'java/io/FileNotFoundException'> (0x0000000795cea1f8) thrown at [/Users/java_re/workspace/8-2-build-macosx-x86_64/jdk8u181/11358/hotspot/src/share/vm/prims/jni.cpp, line 709]
Event: 0.424 Thread 0x00007f9018808800 Exception <a 'java/lang/NoSuchFieldError': method resolution failed> (0x00000007961a3e48) thrown at [/Users/java_re/workspace/8-2-build-macosx-x86_64/jdk8u181/11358/hotspot/src/share/vm/prims/methodHandles.cpp, line 1167]
Event: 0.426 Thread 0x00007f9018808800 Exception <a 'java/lang/NoSuchFieldError': method resolution failed> (0x00000007961b1dd8) thrown at [/Users/java_re/workspace/8-2-build-macosx-x86_64/jdk8u181/11358/hotspot/src/share/vm/prims/methodHandles.cpp, line 1167]
Event: 6.745 Thread 0x00007f9018808800 Exception <a 'java/io/FileNotFoundException'> (0x0000000796246760) thrown at [/Users/java_re/workspace/8-2-build-macosx-x86_64/jdk8u181/11358/hotspot/src/share/vm/prims/jni.cpp, line 709]
Event: 6.745 Thread 0x00007f9018808800 Exception <a 'java/io/FileNotFoundException'> (0x00000007962472b0) thrown at [/Users/java_re/workspace/8-2-build-macosx-x86_64/jdk8u181/11358/hotspot/src/share/vm/prims/jni.cpp, line 709]

Events (10 events):
Event: 6.984 Thread 0x00007f9018808800 DEOPT PACKING pc=0x000000011cb3497a sp=0x00007000087c6420
Event: 6.984 Thread 0x00007f9018808800 DEOPT UNPACKING pc=0x000000011c8c7784 sp=0x00007000087c61d0 mode 0
Event: 6.986 Thread 0x00007f9018808800 DEOPT PACKING pc=0x000000011cb3497a sp=0x00007000087c6420
Event: 6.986 Thread 0x00007f9018808800 DEOPT UNPACKING pc=0x000000011c8c7784 sp=0x00007000087c61d0 mode 0
Event: 6.992 loading class java/nio/DirectByteBuffer$Deallocator
Event: 6.993 loading class java/nio/DirectByteBuffer$Deallocator done
Event: 6.993 loading class java/lang/StrictMath
Event: 6.993 loading class java/lang/StrictMath done
Event: 6.993 loading class com/sun/jna/Native$Buffers
Event: 6.993 loading class com/sun/jna/Native$Buffers done


Dynamic libraries:
0x00007fffb7d3d000 	/System/Library/Frameworks/Cocoa.framework/Versions/A/Cocoa
0x00007fffbe5df000 	/System/Library/Frameworks/Security.framework/Versions/A/Security
0x00007fffb6bf8000 	/System/Library/Frameworks/ApplicationServices.framework/Versions/A/ApplicationServices
0x00007fffcd9e6000 	/usr/lib/libz.1.dylib
0x00007fffcc538000 	/usr/lib/libSystem.B.dylib
0x00007fffcd1e7000 	/usr/lib/libobjc.A.dylib
0x00007fffb82d3000 	/System/Library/Frameworks/CoreFoundation.framework/Versions/A/CoreFoundation
0x00007fffb9d4b000 	/System/Library/Frameworks/Foundation.framework/Versions/C/Foundation
0x00007fffb5e0d000 	/System/Library/Frameworks/AppKit.framework/Versions/C/AppKit
0x00007fffb7f29000 	/System/Library/Frameworks/CoreData.framework/Versions/A/CoreData
0x00007fffc8fbd000 	/System/Library/PrivateFrameworks/RemoteViewServices.framework/Versions/A/RemoteViewServices
0x00007fffcafa8000 	/System/Library/PrivateFrameworks/UIFoundation.framework/Versions/A/UIFoundation
0x00007fffc4363000 	/System/Library/PrivateFrameworks/DFRFoundation.framework/Versions/A/DFRFoundation
0x00007fffccb2a000 	/usr/lib/libenergytrace.dylib
0x00007fffc9dea000 	/System/Library/PrivateFrameworks/SkyLight.framework/Versions/A/SkyLight
0x00007fffb876d000 	/System/Library/Frameworks/CoreGraphics.framework/Versions/A/CoreGraphics
0x00007fffcc533000 	/usr/lib/libScreenReader.dylib
0x00007fffb4e2f000 	/System/Library/Frameworks/Accelerate.framework/Versions/A/Accelerate
0x00007fffba349000 	/System/Library/Frameworks/IOSurface.framework/Versions/A/IOSurface
0x00007fffb711b000 	/System/Library/Frameworks/AudioToolbox.framework/Versions/A/AudioToolbox
0x00007fffb7328000 	/System/Library/Frameworks/AudioUnit.framework/Versions/A/AudioUnit
0x00007fffc43a8000 	/System/Library/PrivateFrameworks/DataDetectorsCore.framework/Versions/A/DataDetectorsCore
0x00007fffc4499000 	/System/Library/PrivateFrameworks/DesktopServicesPriv.framework/Versions/A/DesktopServicesPriv
0x00007fffb788a000 	/System/Library/Frameworks/Carbon.framework/Versions/A/Frameworks/HIToolbox.framework/Versions/A/HIToolbox
0x00007fffccc33000 	/usr/lib/libicucore.A.dylib
0x00007fffbde78000 	/System/Library/Frameworks/QuartzCore.framework/Versions/A/QuartzCore
0x00007fffb7c56000 	/System/Library/Frameworks/Carbon.framework/Versions/A/Frameworks/SpeechRecognition.framework/Versions/A/SpeechRecognition
0x00007fffcc651000 	/usr/lib/libauto.dylib
0x00007fffcd8cc000 	/usr/lib/libxml2.2.dylib
0x00007fffc401d000 	/System/Library/PrivateFrameworks/CoreUI.framework/Versions/A/CoreUI
0x00007fffb7e87000 	/System/Library/Frameworks/CoreAudio.framework/Versions/A/CoreAudio
0x00007fffb9bb4000 	/System/Library/Frameworks/DiskArbitration.framework/Versions/A/DiskArbitration
0x00007fffcce5e000 	/usr/lib/liblangid.dylib
0x00007fffc7ea4000 	/System/Library/PrivateFrameworks/MultitouchSupport.framework/Versions/A/MultitouchSupport
0x00007fffba2b2000 	/System/Library/Frameworks/IOKit.framework/Versions/A/IOKit
0x00007fffcc2f9000 	/usr/lib/libDiagnosticMessagesClient.dylib
0x00007fffb9198000 	/System/Library/Frameworks/CoreServices.framework/Versions/A/CoreServices
0x00007fffc8861000 	/System/Library/PrivateFrameworks/PerformanceAnalysis.framework/Versions/A/PerformanceAnalysis
0x00007fffc62eb000 	/System/Library/PrivateFrameworks/GenerationalStorage.framework/Versions/A/GenerationalStorage
0x00007fffbd318000 	/System/Library/Frameworks/OpenGL.framework/Versions/A/OpenGL
0x00007fffb8df0000 	/System/Library/Frameworks/CoreImage.framework/Versions/A/CoreImage
0x00007fffb98c1000 	/System/Library/Frameworks/CoreText.framework/Versions/A/CoreText
0x00007fffba3a2000 	/System/Library/Frameworks/ImageIO.framework/Versions/A/ImageIO
0x00007fffc1bda000 	/System/Library/PrivateFrameworks/Backup.framework/Versions/A/Backup
0x00007fffcc5a5000 	/usr/lib/libarchive.2.dylib
0x00007fffb7491000 	/System/Library/Frameworks/CFNetwork.framework/Versions/A/CFNetwork
0x00007fffbed0c000 	/System/Library/Frameworks/SystemConfiguration.framework/Versions/A/SystemConfiguration
0x00007fffcc240000 	/usr/lib/libCRFSuite.dylib
0x00007fffcc672000 	/usr/lib/libc++.1.dylib
0x00007fffcc6c9000 	/usr/lib/libc++abi.dylib
0x00007fffcda06000 	/usr/lib/system/libcache.dylib
0x00007fffcda0b000 	/usr/lib/system/libcommonCrypto.dylib
0x00007fffcda16000 	/usr/lib/system/libcompiler_rt.dylib
0x00007fffcda1e000 	/usr/lib/system/libcopyfile.dylib
0x00007fffcda27000 	/usr/lib/system/libcorecrypto.dylib
0x00007fffcdaab000 	/usr/lib/system/libdispatch.dylib
0x00007fffcdadd000 	/usr/lib/system/libdyld.dylib
0x00007fffcdae3000 	/usr/lib/system/libkeymgr.dylib
0x00007fffcdaf1000 	/usr/lib/system/liblaunch.dylib
0x00007fffcdaf2000 	/usr/lib/system/libmacho.dylib
0x00007fffcdaf8000 	/usr/lib/system/libquarantine.dylib
0x00007fffcdafb000 	/usr/lib/system/libremovefile.dylib
0x00007fffcdafd000 	/usr/lib/system/libsystem_asl.dylib
0x00007fffcdb16000 	/usr/lib/system/libsystem_blocks.dylib
0x00007fffcdb17000 	/usr/lib/system/libsystem_c.dylib
0x00007fffcdba5000 	/usr/lib/system/libsystem_configuration.dylib
0x00007fffcdba9000 	/usr/lib/system/libsystem_coreservices.dylib
0x00007fffcdbad000 	/usr/lib/system/libsystem_coretls.dylib
0x00007fffcdbc6000 	/usr/lib/system/libsystem_dnssd.dylib
0x00007fffcdbcd000 	/usr/lib/system/libsystem_info.dylib
0x00007fffcdbf7000 	/usr/lib/system/libsystem_kernel.dylib
0x00007fffcdc1a000 	/usr/lib/system/libsystem_m.dylib
0x00007fffcdc62000 	/usr/lib/system/libsystem_malloc.dylib
0x00007fffcdc81000 	/usr/lib/system/libsystem_network.dylib
0x00007fffcdcdb000 	/usr/lib/system/libsystem_networkextension.dylib
0x00007fffcdce5000 	/usr/lib/system/libsystem_notify.dylib
0x00007fffcdcef000 	/usr/lib/system/libsystem_platform.dylib
0x00007fffcdcf8000 	/usr/lib/system/libsystem_pthread.dylib
0x00007fffcdd03000 	/usr/lib/system/libsystem_sandbox.dylib
0x00007fffcdd07000 	/usr/lib/system/libsystem_secinit.dylib
0x00007fffcdd09000 	/usr/lib/system/libsystem_symptoms.dylib
0x00007fffcdd11000 	/usr/lib/system/libsystem_trace.dylib
0x00007fffcdd25000 	/usr/lib/system/libunwind.dylib
0x00007fffcdd2b000 	/usr/lib/system/libxpc.dylib
0x00007fffcc652000 	/usr/lib/libbsm.0.dylib
0x00007fffcdae4000 	/usr/lib/system/libkxld.dylib
0x00007fffcc71b000 	/usr/lib/libcoretls.dylib
0x00007fffcc71c000 	/usr/lib/libcoretls_cfhelpers.dylib
0x00007fffcc532000 	/usr/lib/libOpenScriptingUtil.dylib
0x00007fffcd5bc000 	/usr/lib/libpam.2.dylib
0x00007fffcd67b000 	/usr/lib/libsqlite3.dylib
0x00007fffcd8be000 	/usr/lib/libxar.1.dylib
0x00007fffcc663000 	/usr/lib/libbz2.1.0.dylib
0x00007fffcce60000 	/usr/lib/liblzma.5.dylib
0x00007fffcd16c000 	/usr/lib/libnetwork.dylib
0x00007fffcd5c1000 	/usr/lib/libpcap.A.dylib
0x00007fffb94fb000 	/System/Library/Frameworks/CoreServices.framework/Versions/A/Frameworks/FSEvents.framework/Versions/A/FSEvents
0x00007fffb91eb000 	/System/Library/Frameworks/CoreServices.framework/Versions/A/Frameworks/CarbonCore.framework/Versions/A/CarbonCore
0x00007fffb9671000 	/System/Library/Frameworks/CoreServices.framework/Versions/A/Frameworks/Metadata.framework/Versions/A/Metadata
0x00007fffb9722000 	/System/Library/Frameworks/CoreServices.framework/Versions/A/Frameworks/OSServices.framework/Versions/A/OSServices
0x00007fffb9782000 	/System/Library/Frameworks/CoreServices.framework/Versions/A/Frameworks/SearchKit.framework/Versions/A/SearchKit
0x00007fffb9199000 	/System/Library/Frameworks/CoreServices.framework/Versions/A/Frameworks/AE.framework/Versions/A/AE
0x00007fffb9504000 	/System/Library/Frameworks/CoreServices.framework/Versions/A/Frameworks/LaunchServices.framework/Versions/A/LaunchServices
0x00007fffb94c7000 	/System/Library/Frameworks/CoreServices.framework/Versions/A/Frameworks/DictionaryServices.framework/Versions/A/DictionaryServices
0x00007fffb97f3000 	/System/Library/Frameworks/CoreServices.framework/Versions/A/Frameworks/SharedFileList.framework/Versions/A/SharedFileList
0x00007fffbc53c000 	/System/Library/Frameworks/NetFS.framework/Versions/A/NetFS
0x00007fffc7f7e000 	/System/Library/PrivateFrameworks/NetAuth.framework/Versions/A/NetAuth
0x00007fffcc1e9000 	/System/Library/PrivateFrameworks/login.framework/Versions/A/Frameworks/loginsupport.framework/Versions/A/loginsupport
0x00007fffcadda000 	/System/Library/PrivateFrameworks/TCC.framework/Versions/A/TCC
0x00007fffcce91000 	/usr/lib/libmecabra.dylib
0x00007fffb6bf9000 	/System/Library/Frameworks/ApplicationServices.framework/Versions/A/Frameworks/ATS.framework/Versions/A/ATS
0x00007fffb6f78000 	/System/Library/Frameworks/ApplicationServices.framework/Versions/A/Frameworks/ColorSync.framework/Versions/A/ColorSync
0x00007fffb7023000 	/System/Library/Frameworks/ApplicationServices.framework/Versions/A/Frameworks/HIServices.framework/Versions/A/HIServices
0x00007fffb7075000 	/System/Library/Frameworks/ApplicationServices.framework/Versions/A/Frameworks/LangAnalysis.framework/Versions/A/LangAnalysis
0x00007fffb7085000 	/System/Library/Frameworks/ApplicationServices.framework/Versions/A/Frameworks/PrintCore.framework/Versions/A/PrintCore
0x00007fffb70d3000 	/System/Library/Frameworks/ApplicationServices.framework/Versions/A/Frameworks/QD.framework/Versions/A/QD
0x00007fffb710f000 	/System/Library/Frameworks/ApplicationServices.framework/Versions/A/Frameworks/SpeechSynthesis.framework/Versions/A/SpeechSynthesis
0x00007fffb4e48000 	/System/Library/Frameworks/Accelerate.framework/Versions/A/Frameworks/vImage.framework/Versions/A/vImage
0x00007fffb5b4e000 	/System/Library/Frameworks/Accelerate.framework/Versions/A/Frameworks/vecLib.framework/Versions/A/vecLib
0x00007fffb5913000 	/System/Library/Frameworks/Accelerate.framework/Versions/A/Frameworks/vecLib.framework/Versions/A/libvDSP.dylib
0x00007fffb54d4000 	/System/Library/Frameworks/Accelerate.framework/Versions/A/Frameworks/vecLib.framework/Versions/A/libBNNS.dylib
0x00007fffb58f7000 	/System/Library/Frameworks/Accelerate.framework/Versions/A/Frameworks/vecLib.framework/Versions/A/libQuadrature.dylib
0x00007fffb5a9b000 	/System/Library/Frameworks/Accelerate.framework/Versions/A/Frameworks/vecLib.framework/Versions/A/libvMisc.dylib
0x00007fffb54e9000 	/System/Library/Frameworks/Accelerate.framework/Versions/A/Frameworks/vecLib.framework/Versions/A/libLAPACK.dylib
0x00007fffb5362000 	/System/Library/Frameworks/Accelerate.framework/Versions/A/Frameworks/vecLib.framework/Versions/A/libBLAS.dylib
0x00007fffb58e0000 	/System/Library/Frameworks/Accelerate.framework/Versions/A/Frameworks/vecLib.framework/Versions/A/libLinearAlgebra.dylib
0x00007fffb58fe000 	/System/Library/Frameworks/Accelerate.framework/Versions/A/Frameworks/vecLib.framework/Versions/A/libSparseBLAS.dylib
0x00007fffb6d01000 	/System/Library/Frameworks/ApplicationServices.framework/Versions/A/Frameworks/ATS.framework/Versions/A/Resources/libFontParser.dylib
0x00007fffb6e31000 	/System/Library/Frameworks/ApplicationServices.framework/Versions/A/Frameworks/ATS.framework/Versions/A/Resources/libFontRegistry.dylib
0x00007fffba5f9000 	/System/Library/Frameworks/ImageIO.framework/Versions/A/Resources/libJPEG.dylib
0x00007fffba648000 	/System/Library/Frameworks/ImageIO.framework/Versions/A/Resources/libTIFF.dylib
0x00007fffba61d000 	/System/Library/Frameworks/ImageIO.framework/Versions/A/Resources/libPng.dylib
0x00007fffba503000 	/System/Library/Frameworks/ImageIO.framework/Versions/A/Resources/libGIF.dylib
0x00007fffba508000 	/System/Library/Frameworks/ImageIO.framework/Versions/A/Resources/libJP2.dylib
0x00007fffba645000 	/System/Library/Frameworks/ImageIO.framework/Versions/A/Resources/libRadiance.dylib
0x00007fffcc704000 	/usr/lib/libcompression.dylib
0x00007fffc171c000 	/System/Library/PrivateFrameworks/AppleJPEG.framework/Versions/A/AppleJPEG
0x00007fffcca5a000 	/usr/lib/libcups.2.dylib
0x00007fffbb3ff000 	/System/Library/Frameworks/Kerberos.framework/Versions/A/Kerberos
0x00007fffba11d000 	/System/Library/Frameworks/GSS.framework/Versions/A/GSS
0x00007fffcd60f000 	/usr/lib/libresolv.9.dylib
0x00007fffccb40000 	/usr/lib/libiconv.2.dylib
0x00007fffc6a18000 	/System/Library/PrivateFrameworks/Heimdal.framework/Versions/A/Heimdal
0x00007fffccb3a000 	/usr/lib/libheimdal-asn1.dylib
0x00007fffbc78d000 	/System/Library/Frameworks/OpenDirectory.framework/Versions/A/OpenDirectory
0x00007fffc322f000 	/System/Library/PrivateFrameworks/CommonAuth.framework/Versions/A/CommonAuth
0x00007fffbc773000 	/System/Library/Frameworks/OpenDirectory.framework/Versions/A/Frameworks/CFOpenDirectory.framework/Versions/A/CFOpenDirectory
0x00007fffbe8e2000 	/System/Library/Frameworks/SecurityFoundation.framework/Versions/A/SecurityFoundation
0x00007fffc71d0000 	/System/Library/PrivateFrameworks/LanguageModeling.framework/Versions/A/LanguageModeling
0x00007fffcce7a000 	/usr/lib/libmarisa.dylib
0x00007fffcc25c000 	/usr/lib/libChineseTokenizer.dylib
0x00007fffcc6f3000 	/usr/lib/libcmph.dylib
0x00007fffc3981000 	/System/Library/PrivateFrameworks/CoreEmoji.framework/Versions/A/CoreEmoji
0x00007fffbe982000 	/System/Library/Frameworks/ServiceManagement.framework/Versions/A/ServiceManagement
0x00007fffcd9bc000 	/usr/lib/libxslt.1.dylib
0x00007fffb7b9e000 	/System/Library/Frameworks/Carbon.framework/Versions/A/Frameworks/Ink.framework/Versions/A/Ink
0x00007fffcae6c000 	/System/Library/PrivateFrameworks/TextureIO.framework/Versions/A/TextureIO
0x00007fffbbbf8000 	/System/Library/Frameworks/Metal.framework/Versions/A/Metal
0x00007fffcc5d1000 	/usr/lib/libate.dylib
0x00007fffc601a000 	/System/Library/PrivateFrameworks/GPUCompiler.framework/libmetal_timestamp.dylib
0x00007fffbc79c000 	/System/Library/Frameworks/OpenGL.framework/Versions/A/Libraries/libCoreFSCache.dylib
0x00007fffc70a9000 	/System/Library/PrivateFrameworks/IOAccelerator.framework/Versions/A/IOAccelerator
0x00007fffb9a0f000 	/System/Library/Frameworks/CoreVideo.framework/Versions/A/CoreVideo
0x00007fffcc2fb000 	/usr/lib/libFosl_dynamic.dylib
0x00007fffc7ca8000 	/System/Library/PrivateFrameworks/MetalPerformanceShaders.framework/Versions/A/MetalPerformanceShaders
0x00007fffc4892000 	/System/Library/PrivateFrameworks/FaceCore.framework/Versions/A/FaceCore
0x00007fffbc724000 	/System/Library/Frameworks/OpenCL.framework/Versions/A/OpenCL
0x00007fffbc96f000 	/System/Library/Frameworks/OpenGL.framework/Versions/A/Libraries/libGLU.dylib
0x00007fffbc7a5000 	/System/Library/Frameworks/OpenGL.framework/Versions/A/Libraries/libGFXShared.dylib
0x00007fffbc7af000 	/System/Library/Frameworks/OpenGL.framework/Versions/A/Libraries/libGL.dylib
0x00007fffbc7bb000 	/System/Library/Frameworks/OpenGL.framework/Versions/A/Libraries/libGLImage.dylib
0x00007fffbc799000 	/System/Library/Frameworks/OpenGL.framework/Versions/A/Libraries/libCVMSPluginSupport.dylib
0x00007fffbc7a0000 	/System/Library/Frameworks/OpenGL.framework/Versions/A/Libraries/libCoreVMClient.dylib
0x00007fffc42e3000 	/System/Library/PrivateFrameworks/CrashReporterSupport.framework/Versions/A/CrashReporterSupport
0x00007fffc9d3c000 	/System/Library/PrivateFrameworks/Sharing.framework/Versions/A/Sharing
0x00007fffc70c7000 	/System/Library/PrivateFrameworks/IconServices.framework/Versions/A/IconServices
0x00007fffc8f8a000 	/System/Library/PrivateFrameworks/ProtocolBuffer.framework/Versions/A/ProtocolBuffer
0x00007fffc15fc000 	/System/Library/PrivateFrameworks/Apple80211.framework/Versions/A/Apple80211
0x00007fffb9a45000 	/System/Library/Frameworks/CoreWLAN.framework/Versions/A/CoreWLAN
0x00007fffc415d000 	/System/Library/PrivateFrameworks/CoreUtils.framework/Versions/A/CoreUtils
0x00007fffba20e000 	/System/Library/Frameworks/IOBluetooth.framework/Versions/A/IOBluetooth
0x00007fffc427d000 	/System/Library/PrivateFrameworks/CoreWiFi.framework/Versions/A/CoreWiFi
0x00007fffb7f15000 	/System/Library/Frameworks/CoreBluetooth.framework/Versions/A/CoreBluetooth
0x00007fffb8225000 	/System/Library/Frameworks/CoreDisplay.framework/Versions/A/CoreDisplay
0x00007fffc70b2000 	/System/Library/PrivateFrameworks/IOPresentment.framework/Versions/A/IOPresentment
0x00007fffc436e000 	/System/Library/PrivateFrameworks/DSExternalDisplay.framework/Versions/A/DSExternalDisplay
0x00007fffc4459000 	/System/Library/PrivateFrameworks/DebugSymbols.framework/Versions/A/DebugSymbols
0x00007fffc3f8d000 	/System/Library/PrivateFrameworks/CoreSymbolication.framework/Versions/A/CoreSymbolication
0x00007fffca927000 	/System/Library/PrivateFrameworks/Symbolication.framework/Versions/A/Symbolication
0x00007fffc161f000 	/System/Library/PrivateFrameworks/AppleFSCompression.framework/Versions/A/AppleFSCompression
0x00007fffca22f000 	/System/Library/PrivateFrameworks/SpeechRecognitionCore.framework/Versions/A/SpeechRecognitionCore
0x00007fffc28e3000 	/System/Library/PrivateFrameworks/ChunkingLibrary.framework/Versions/A/ChunkingLibrary
0x000000010db5b000 	/System/Library/CoreServices/Encodings/libSimplifiedChineseConverter.dylib
0x000000010db9f000 	/Library/Java/JavaVirtualMachines/jdk1.8.0_181.jdk/Contents/Home/jre/lib/server/libjvm.dylib
0x00007fffcd825000 	/usr/lib/libstdc++.6.dylib
0x000000010eb53000 	/Library/Java/JavaVirtualMachines/jdk1.8.0_181.jdk/Contents/Home/jre/lib/libverify.dylib
0x000000010eb61000 	/Library/Java/JavaVirtualMachines/jdk1.8.0_181.jdk/Contents/Home/jre/lib/libjava.dylib
0x000000010eb98000 	/Library/Java/JavaVirtualMachines/jdk1.8.0_181.jdk/Contents/Home/jre/lib/libinstrument.dylib
0x000000010ebf6000 	/Library/Java/JavaVirtualMachines/jdk1.8.0_181.jdk/Contents/Home/jre/lib/libzip.dylib
0x00000001178fb000 	/Library/Java/JavaVirtualMachines/jdk1.8.0_181.jdk/Contents/Home/jre/lib/libnet.dylib
0x0000000117b3b000 	/Library/Java/JavaVirtualMachines/jdk1.8.0_181.jdk/Contents/Home/jre/lib/libawt.dylib
0x0000000117be5000 	/Library/Java/JavaVirtualMachines/jdk1.8.0_181.jdk/Contents/Home/jre/lib/./libmlib_image.dylib
0x0000000117cb1000 	/System/Library/Frameworks/JavaVM.framework/Versions/A/Frameworks/JavaNativeFoundation.framework/Versions/A/JavaNativeFoundation
0x0000000117cc6000 	/System/Library/Frameworks/JavaVM.framework/Versions/A/Frameworks/JavaRuntimeSupport.framework/Versions/A/JavaRuntimeSupport
0x0000000117ce0000 	/System/Library/Frameworks/JavaVM.framework/Versions/A/JavaVM
0x0000000117ced000 	/System/Library/PrivateFrameworks/JavaLaunching.framework/Versions/A/JavaLaunching
0x00007fffb7885000 	/System/Library/Frameworks/Carbon.framework/Versions/A/Carbon
0x00007fffb7886000 	/System/Library/Frameworks/Carbon.framework/Versions/A/Frameworks/CommonPanels.framework/Versions/A/CommonPanels
0x00007fffb7b94000 	/System/Library/Frameworks/Carbon.framework/Versions/A/Frameworks/Help.framework/Versions/A/Help
0x00007fffb7b98000 	/System/Library/Frameworks/Carbon.framework/Versions/A/Frameworks/ImageCapture.framework/Versions/A/ImageCapture
0x00007fffb7c36000 	/System/Library/Frameworks/Carbon.framework/Versions/A/Frameworks/OpenScripting.framework/Versions/A/OpenScripting
0x00007fffb7c51000 	/System/Library/Frameworks/Carbon.framework/Versions/A/Frameworks/Print.framework/Versions/A/Print
0x00007fffb7c53000 	/System/Library/Frameworks/Carbon.framework/Versions/A/Frameworks/SecurityHI.framework/Versions/A/SecurityHI
0x0000000117cf9000 	/Library/Java/JavaVirtualMachines/jdk1.8.0_181.jdk/Contents/Home/jre/lib/libawt_lwawt.dylib
0x0000000117db3000 	/Library/Java/JavaVirtualMachines/jdk1.8.0_181.jdk/Contents/Home/jre/lib/./libosxapp.dylib
0x00007fffb9d48000 	/System/Library/Frameworks/ExceptionHandling.framework/Versions/A/ExceptionHandling
0x00007fffc3ccc000 	/System/Library/PrivateFrameworks/CoreServicesInternal.framework/Versions/A/CoreServicesInternal
0x00007fffb2f84000 	/System/Library/CoreServices/RawCamera.bundle/Contents/MacOS/RawCamera
0x00007fffb4e30000 	/System/Library/Frameworks/Accelerate.framework/Versions/A/Frameworks/vImage.framework/Versions/A/Libraries/libCGInterfaces.dylib
0x00007fffb6ed8000 	/System/Library/Frameworks/ApplicationServices.framework/Versions/A/Frameworks/ATS.framework/Versions/A/Resources/libTrueTypeScaler.dylib
0x0000000119f2a000 	/System/Library/Frameworks/OpenGL.framework/Resources/GLEngine.bundle/GLEngine
0x00007fffbc7f8000 	/System/Library/Frameworks/OpenGL.framework/Versions/A/Libraries/libGLProgrammability.dylib
0x000000011a10f000 	/System/Library/Extensions/AppleIntelKBLGraphicsGLDriver.bundle/Contents/MacOS/AppleIntelKBLGraphicsGLDriver
0x00007fffc6027000 	/System/Library/PrivateFrameworks/GPUSupport.framework/Versions/A/Libraries/libGPUSupportMercury.dylib
0x000000011ae96000 	/System/Library/Frameworks/OpenGL.framework/Resources//GLRendererFloat.bundle/GLRendererFloat
0x00007fffbc71b000 	/System/Library/Frameworks/OpenCL.framework/Versions/A/Libraries/libcldcpuengine.dylib
0x00007fffcc7d7000 	/usr/lib/libcrypto.0.9.8.dylib
0x00007fffcafa6000 	/System/Library/PrivateFrameworks/TrustEvaluationAgent.framework/Versions/A/TrustEvaluationAgent
0x000000011aeca000 	/System/Library/Extensions/AppleIntelKBLGraphicsMTLDriver.bundle/Contents/MacOS/AppleIntelKBLGraphicsMTLDriver
0x00007fffc4ccc000 	/System/Library/PrivateFrameworks/FamilyControls.framework/Versions/A/FamilyControls
0x00007fffc3223000 	/System/Library/PrivateFrameworks/CommerceKit.framework/Versions/A/Frameworks/CommerceCore.framework/Versions/A/CommerceCore
0x00007fffcabbb000 	/System/Library/PrivateFrameworks/SystemAdministration.framework/Versions/A/SystemAdministration
0x00007fffc15d2000 	/System/Library/PrivateFrameworks/AppContainer.framework/Versions/A/AppContainer
0x00007fffc9caa000 	/System/Library/PrivateFrameworks/SecCodeWrapper.framework/Versions/A/SecCodeWrapper
0x00007fffb9ae9000 	/System/Library/Frameworks/DirectoryService.framework/Versions/A/DirectoryService
0x00007fffc45af000 	/System/Library/PrivateFrameworks/DiskImages.framework/Versions/A/DiskImages
0x00007fffc73d3000 	/System/Library/PrivateFrameworks/LoginUIKit.framework/Versions/A/Frameworks/LoginUICore.framework/Versions/A/LoginUICore
0x00007fffcc268000 	/usr/lib/libCoreStorage.dylib
0x00007fffcca4e000 	/usr/lib/libcsfde.dylib
0x00007fffcd5ba000 	/usr/lib/libodfde.dylib
0x00007fffb9af5000 	/System/Library/Frameworks/DiscRecording.framework/Versions/A/DiscRecording
0x00007fffccaae000 	/usr/lib/libcurl.4.dylib
0x00007fffc7ad3000 	/System/Library/PrivateFrameworks/MediaKit.framework/Versions/A/MediaKit
0x00007fffc8f4f000 	/System/Library/PrivateFrameworks/ProtectedCloudStorage.framework/Versions/A/ProtectedCloudStorage
0x00007fffc473d000 	/System/Library/PrivateFrameworks/EFILogin.framework/Versions/A/EFILogin
0x00007fffcd8ba000 	/usr/lib/libutil.dylib
0x00007fffbb419000 	/System/Library/Frameworks/LDAP.framework/Versions/A/LDAP
0x00007fffcd666000 	/usr/lib/libsasl2.2.dylib
0x00007fffc3868000 	/System/Library/PrivateFrameworks/CoreDaemon.framework/Versions/B/CoreDaemon
0x00007fffc17d7000 	/System/Library/PrivateFrameworks/AppleSRP.framework/Versions/A/AppleSRP
0x00007fffc0e57000 	/System/Library/PrivateFrameworks/APFS.framework/Versions/A/APFS
0x00007fffcbc07000 	/System/Library/PrivateFrameworks/ViewBridge.framework/Versions/A/ViewBridge
0x00007fffcc112000 	/System/Library/PrivateFrameworks/XPCService.framework/Versions/A/XPCService
0x00007fffc15ee000 	/System/Library/PrivateFrameworks/AppSandbox.framework/Versions/A/AppSandbox
0x00007fffcd62c000 	/usr/lib/libsandbox.1.dylib
0x00007fffcc52a000 	/usr/lib/libMatch.1.dylib
0x000000011c5e2000 	/Library/Java/JavaVirtualMachines/jdk1.8.0_181.jdk/Contents/Home/jre/lib/libjpeg.dylib
0x000000011c610000 	/Library/Java/JavaVirtualMachines/jdk1.8.0_181.jdk/Contents/Home/jre/lib/liblcms.dylib
0x000000011c66a000 	/Users/songhuan/Library/Caches/JNA/temp/jna2686938447161541120.tmp
0x0000000130ad1000 	/usr/local/lib/libtesseract.dylib
0x0000000130fc2000 	/usr/local/opt/leptonica/lib/liblept.5.dylib
0x000000011c680000 	/usr/local/opt/libpng/lib/libpng16.16.dylib
0x000000011c6ac000 	/usr/local/opt/jpeg/lib/libjpeg.9.dylib
0x000000011c6df000 	/usr/local/opt/giflib/lib/libgif.7.dylib
0x0000000130968000 	/usr/local/opt/libtiff/lib/libtiff.5.dylib
0x00000001309d1000 	/usr/local/opt/webp/lib/libwebp.7.dylib
0x000000011c6e8000 	/usr/local/opt/openjpeg/lib/libopenjp2.7.dylib

VM Arguments:
jvm_args: -Dvisualvm.id=222915455764376 -javaagent:/Users/songhuan/Library/Application Support/JetBrains/Toolbox/apps/IDEA-U/ch-0/183.5429.30/IntelliJ IDEA.app/Contents/lib/idea_rt.jar=64314:/Users/songhuan/Library/Application Support/JetBrains/Toolbox/apps/IDEA-U/ch-0/183.5429.30/IntelliJ IDEA.app/Contents/bin -Dfile.encoding=UTF-8 
java_command: com.sh.Tess
java_class_path (initial): /Library/Java/JavaVirtualMachines/jdk1.8.0_181.jdk/Contents/Home/jre/lib/charsets.jar:/Library/Java/JavaVirtualMachines/jdk1.8.0_181.jdk/Contents/Home/jre/lib/deploy.jar:/Library/Java/JavaVirtualMachines/jdk1.8.0_181.jdk/Contents/Home/jre/lib/ext/cldrdata.jar:/Library/Java/JavaVirtualMachines/jdk1.8.0_181.jdk/Contents/Home/jre/lib/ext/dnsns.jar:/Library/Java/JavaVirtualMachines/jdk1.8.0_181.jdk/Contents/Home/jre/lib/ext/jaccess.jar:/Library/Java/JavaVirtualMachines/jdk1.8.0_181.jdk/Contents/Home/jre/lib/ext/jfxrt.jar:/Library/Java/JavaVirtualMachines/jdk1.8.0_181.jdk/Contents/Home/jre/lib/ext/localedata.jar:/Library/Java/JavaVirtualMachines/jdk1.8.0_181.jdk/Contents/Home/jre/lib/ext/nashorn.jar:/Library/Java/JavaVirtualMachines/jdk1.8.0_181.jdk/Contents/Home/jre/lib/ext/sunec.jar:/Library/Java/JavaVirtualMachines/jdk1.8.0_181.jdk/Contents/Home/jre/lib/ext/sunjce_provider.jar:/Library/Java/JavaVirtualMachines/jdk1.8.0_181.jdk/Contents/Home/jre/lib/ext/sunpkcs11.jar:/Library/Java/JavaVirtualMachines/jdk1.8.0_181.jdk/Contents/Home/jre/lib/ext/zipfs.jar:/Library/Java/JavaVirtualMachines/jdk1.8.0_181.jdk/Contents/Home/jre/lib/javaws.jar:/Library/Java/JavaVirtualMachines/jdk1.8.0_181.jdk/Contents/Home/jre/lib/jce.jar:/Library/Java/JavaVirtualMachines/jdk1.8.0_181.jdk/Contents/Home/jre/lib/jfr.jar:/Library/Java/JavaVirtualMachines/jdk1.8.0_181.jdk/Contents/Home/jre/lib/jfxswt.jar:/Library/Java/JavaVirtualMachines/jdk1.8.0_181.jdk/Contents/Home/jre/lib/jsse.jar:/Library/Java/JavaVirtualMachines/jdk1.8.0_181.jdk/Contents/Home/jre/lib/management-agent.jar:/Library/Java/JavaVirtualMachines/jdk1.8.0_181.jdk/Contents/Home/jre/lib/plugin.jar:/Library/Java/JavaVirtualMachines/jdk1.8.0_181.jdk/Contents/Home/jre/lib/resources.jar:/Library/Java/JavaVirtualMachines/jdk1.8.0_181.jdk/Contents/Home/jre/lib/rt.jar:/Library/Java/JavaVirtualMachines/jdk1.8.0_181.jdk/Contents/Home/lib/ant-javafx.jar:/Library/Java/JavaVirtualMachines/jdk1.8.0_181.jdk/Contents/Home
Launcher Type: SUN_STANDARD

Environment Variables:
JAVA_HOME=/Library/Java/JavaVirtualMachines/jdk1.8.0_181.jdk/Contents/Home
PATH=/usr/local/bin:/usr/bin:/bin:/usr/sbin:/sbin:/Applications/Wireshark.app/Contents/MacOS:/DT/maven/apache-maven-3.5.0/bin:/usr/local/mysql/bin:/Tomcat/apache-tomcat-8.5.20/bin:/opt/local/bin:/opt/local/sbin:/Users/songhuan/scala/scala-2.12.7/bin:/DT/apache-jmeter-5.1.1/bin
SHELL=/bin/zsh

Signal Handlers:
SIGSEGV: [libjvm.dylib+0x5b6029], sa_mask[0]=11111111011111110111111111111111, sa_flags=SA_ONSTACK|SA_RESTART|SA_SIGINFO
SIGBUS: [libjvm.dylib+0x5b6029], sa_mask[0]=11111111011111110111111111111111, sa_flags=SA_RESTART|SA_SIGINFO
SIGFPE: [libjvm.dylib+0x48b934], sa_mask[0]=11111111011111110111111111111111, sa_flags=SA_RESTART|SA_SIGINFO
SIGPIPE: [libjvm.dylib+0x48b934], sa_mask[0]=11111111011111110111111111111111, sa_flags=SA_RESTART|SA_SIGINFO
SIGXFSZ: [libjvm.dylib+0x48b934], sa_mask[0]=11111111011111110111111111111111, sa_flags=SA_RESTART|SA_SIGINFO
SIGILL: [libjvm.dylib+0x48b934], sa_mask[0]=11111111011111110111111111111111, sa_flags=SA_RESTART|SA_SIGINFO
SIGUSR1: SIG_DFL, sa_mask[0]=00000000000000000000000000000000, sa_flags=none
SIGUSR2: [libjvm.dylib+0x48b452], sa_mask[0]=00100000000000000000000000000000, sa_flags=SA_RESTART|SA_SIGINFO
SIGHUP: [libjvm.dylib+0x489a1d], sa_mask[0]=11111111011111110111111111111111, sa_flags=SA_RESTART|SA_SIGINFO
SIGINT: [libjvm.dylib+0x489a1d], sa_mask[0]=11111111011111110111111111111111, sa_flags=SA_RESTART|SA_SIGINFO
SIGTERM: [libjvm.dylib+0x489a1d], sa_mask[0]=11111111011111110111111111111111, sa_flags=SA_RESTART|SA_SIGINFO
SIGQUIT: [libjvm.dylib+0x489a1d], sa_mask[0]=11111111011111110111111111111111, sa_flags=SA_RESTART|SA_SIGINFO


---------------  S Y S T E M  ---------------

OS:Bsduname:Darwin 16.7.0 Darwin Kernel Version 16.7.0: Thu Jun 15 17:36:27 PDT 2017; root:xnu-3789.70.16~2/RELEASE_X86_64 x86_64
rlimit: STACK 8192k, CORE 0k, NPROC 709, NOFILE 10240, AS infinity
load average:2.31 2.39 2.39

CPU:total 4 (initial active 4) (2 cores per cpu, 2 threads per core) family 6 model 142 stepping 9, cmov, cx8, fxsr, mmx, sse, sse2, sse3, ssse3, sse4.1, sse4.2, popcnt, avx, avx2, aes, clmul, erms, rtm, 3dnowpref, lzcnt, ht, tsc, tscinvbit, bmi1, bmi2, adx

Memory: 4k page, physical 8388608k(44012k free)

/proc/meminfo:


vm_info: Java HotSpot(TM) 64-Bit Server VM (25.181-b13) for bsd-amd64 JRE (1.8.0_181-b13), built on Jul  7 2018 01:02:31 by "java_re" with gcc 4.2.1 (Based on Apple Inc. build 5658) (LLVM build 2336.11.00)

time: Sat Aug 10 15:07:31 2019
elapsed time: 7 seconds (0d 0h 0m 7s)

